2025-02-21 03:46:25,920 - CoinScanner - INFO - Bot başlatılıyor...
2025-02-21 03:46:25,920 - CoinScanner - INFO - Bot başlatılıyor...
2025-02-21 03:47:04,209 - CoinScanner - INFO - Bot başlatılıyor...
2025-02-21 03:47:04,209 - CoinScanner - INFO - Bot başlatılıyor...
2025-02-21 03:47:52,732 - CoinScanner - INFO - Bot başlatılıyor...
2025-02-21 03:47:52,732 - CoinScanner - INFO - Bot başlatılıyor...
2025-02-21 03:47:54,820 - CoinScanner - INFO - Toplam 502 geçerli sembol yüklendi
2025-02-21 03:47:54,820 - CoinScanner - INFO - Toplam 502 geçerli sembol yüklendi
2025-02-21 03:47:55,231 - CoinScanner - ERROR - Bot başlatma hatası: Cannot close a running event loop
2025-02-21 03:47:55,231 - CoinScanner - ERROR - Bot başlatma hatası: Cannot close a running event loop
2025-02-21 03:47:55,231 - CoinScanner - INFO - Bot durduruldu
2025-02-21 03:47:55,231 - CoinScanner - INFO - Bot durduruldu
2025-02-21 03:48:32,655 - CoinScanner - INFO - Sinyal alındı: SIGINT
2025-02-21 03:48:32,655 - CoinScanner - INFO - Sinyal alındı: SIGINT
2025-02-21 03:48:32,656 - CoinScanner - INFO - Bot kapatılıyor...
2025-02-21 03:48:32,656 - CoinScanner - INFO - Bot kapatılıyor...
2025-02-21 03:48:34,600 - CoinScanner - INFO - Bot başlatılıyor...
2025-02-21 03:48:34,600 - CoinScanner - INFO - Bot başlatılıyor...
2025-02-21 03:48:36,683 - CoinScanner - INFO - Toplam 502 geçerli sembol yüklendi
2025-02-21 03:48:36,683 - CoinScanner - INFO - Toplam 502 geçerli sembol yüklendi
2025-02-21 03:48:37,100 - CoinScanner - ERROR - Bot başlatma hatası: Cannot close a running event loop
2025-02-21 03:48:37,100 - CoinScanner - ERROR - Bot başlatma hatası: Cannot close a running event loop
2025-02-21 03:48:37,100 - CoinScanner - INFO - Bot durduruldu
2025-02-21 03:48:37,100 - CoinScanner - INFO - Bot durduruldu
2025-02-21 03:50:10,070 - CoinScanner - INFO - Sinyal alındı: SIGINT
2025-02-21 03:50:10,070 - CoinScanner - INFO - Sinyal alındı: SIGINT
2025-02-21 03:50:10,072 - CoinScanner - INFO - Bot kapatılıyor...
2025-02-21 03:50:10,072 - CoinScanner - INFO - Bot kapatılıyor...
2025-02-21 03:50:15,678 - CoinScanner - INFO - Bot başlatılıyor...
2025-02-21 03:50:15,678 - CoinScanner - INFO - Bot başlatılıyor...
2025-02-21 03:50:17,689 - CoinScanner - INFO - Toplam 502 geçerli sembol yüklendi
2025-02-21 03:50:17,689 - CoinScanner - INFO - Toplam 502 geçerli sembol yüklendi
2025-02-21 03:50:18,113 - CoinScanner - ERROR - Bot başlatma hatası: Cannot close a running event loop
2025-02-21 03:50:18,113 - CoinScanner - ERROR - Bot başlatma hatası: Cannot close a running event loop
2025-02-21 03:50:18,113 - CoinScanner - INFO - Bot durduruldu
2025-02-21 03:50:18,113 - CoinScanner - INFO - Bot durduruldu
2025-02-21 03:51:00,211 - CoinScanner - INFO - Sinyal alındı: SIGINT
2025-02-21 03:51:00,211 - CoinScanner - INFO - Sinyal alındı: SIGINT
2025-02-21 03:51:00,213 - CoinScanner - INFO - Bot kapatılıyor...
2025-02-21 03:51:00,213 - CoinScanner - INFO - Bot kapatılıyor...
2025-02-21 03:51:03,811 - CoinScanner - INFO - Bot başlatılıyor...
2025-02-21 03:51:03,811 - CoinScanner - INFO - Bot başlatılıyor...
2025-02-21 03:51:05,878 - CoinScanner - INFO - Toplam 502 geçerli sembol yüklendi
2025-02-21 03:51:05,878 - CoinScanner - INFO - Toplam 502 geçerli sembol yüklendi
2025-02-21 03:51:06,356 - CoinScanner - ERROR - Bot başlatma hatası: Cannot close a running event loop
2025-02-21 03:51:06,356 - CoinScanner - ERROR - Bot başlatma hatası: Cannot close a running event loop
2025-02-21 03:51:06,359 - CoinScanner - INFO - Bot durduruldu
2025-02-21 03:51:06,359 - CoinScanner - INFO - Bot durduruldu
2025-02-21 03:52:01,545 - CoinScanner - INFO - Bot başlatılıyor...
2025-02-21 03:52:01,545 - CoinScanner - INFO - Bot başlatılıyor...
2025-02-21 03:52:03,495 - CoinScanner - INFO - Toplam 502 geçerli sembol yüklendi
2025-02-21 03:52:03,495 - CoinScanner - INFO - Toplam 502 geçerli sembol yüklendi
2025-02-21 03:52:04,199 - CoinScanner - INFO - Bot hazır, komutlar bekleniyor...
2025-02-21 03:52:04,199 - CoinScanner - INFO - Bot hazır, komutlar bekleniyor...
2025-02-21 03:52:04,200 - CoinScanner - ERROR - Bot başlatma hatası: Cannot close a running event loop
2025-02-21 03:52:04,200 - CoinScanner - ERROR - Bot başlatma hatası: Cannot close a running event loop
2025-02-21 03:52:04,200 - CoinScanner - INFO - Bot durduruluyor...
2025-02-21 03:52:04,200 - CoinScanner - INFO - Bot durduruluyor...
2025-02-21 03:52:04,206 - CoinScanner - INFO - Bot durduruldu
2025-02-21 03:52:04,206 - CoinScanner - INFO - Bot durduruldu
2025-02-21 03:52:55,150 - CoinScanner - INFO - Bot başlatılıyor...
2025-02-21 03:52:55,150 - CoinScanner - INFO - Bot başlatılıyor...
2025-02-21 03:52:56,807 - CoinScanner - INFO - Toplam 502 geçerli sembol yüklendi
2025-02-21 03:52:56,807 - CoinScanner - INFO - Toplam 502 geçerli sembol yüklendi
2025-02-21 03:52:57,270 - CoinScanner - INFO - Bot hazır, komutlar bekleniyor...
2025-02-21 03:52:57,270 - CoinScanner - INFO - Bot hazır, komutlar bekleniyor...
2025-02-21 03:52:57,271 - CoinScanner - ERROR - Bot başlatma hatası: Cannot close a running event loop
2025-02-21 03:52:57,271 - CoinScanner - ERROR - Bot başlatma hatası: Cannot close a running event loop
2025-02-21 03:52:57,271 - CoinScanner - INFO - Bot durduruluyor...
2025-02-21 03:52:57,271 - CoinScanner - INFO - Bot durduruluyor...
2025-02-21 03:52:57,276 - CoinScanner - INFO - Bot durduruldu
2025-02-21 03:52:57,276 - CoinScanner - INFO - Bot durduruldu
2025-02-21 03:52:57,277 - CoinScanner - ERROR - Temizlik hatası: This Application is not running!
2025-02-21 03:52:57,277 - CoinScanner - ERROR - Temizlik hatası: This Application is not running!
2025-02-21 03:56:24,003 - CoinScanner - INFO - Bot başlatılıyor...
2025-02-21 03:56:24,003 - CoinScanner - INFO - Bot başlatılıyor...
2025-02-21 03:56:25,677 - CoinScanner - INFO - Toplam 502 geçerli sembol yüklendi
2025-02-21 03:56:25,677 - CoinScanner - INFO - Toplam 502 geçerli sembol yüklendi
2025-02-21 03:56:26,054 - CoinScanner - INFO - Bot hazır, komutlar bekleniyor...
2025-02-21 03:56:26,054 - CoinScanner - INFO - Bot hazır, komutlar bekleniyor...
2025-02-21 03:56:26,054 - CoinScanner - ERROR - Bot başlatma hatası: Cannot close a running event loop
2025-02-21 03:56:26,054 - CoinScanner - ERROR - Bot başlatma hatası: Cannot close a running event loop
2025-02-21 03:56:26,057 - CoinScanner - INFO - Bot durduruldu
2025-02-21 03:56:26,057 - CoinScanner - INFO - Bot durduruldu
2025-02-21 03:58:02,108 - CoinScanner - INFO - Bot başlatılıyor...
2025-02-21 03:58:02,108 - CoinScanner - INFO - Bot başlatılıyor...
2025-02-21 03:58:04,150 - CoinScanner - INFO - Toplam 502 geçerli sembol yüklendi
2025-02-21 03:58:04,150 - CoinScanner - INFO - Toplam 502 geçerli sembol yüklendi
2025-02-21 03:58:04,150 - CoinScanner - ERROR - Bot başlatma hatası: Cannot close a running event loop
2025-02-21 03:58:04,150 - CoinScanner - ERROR - Bot başlatma hatası: Cannot close a running event loop
2025-02-21 04:00:29,042 - CoinScanner - INFO - Bot başlatılıyor...
2025-02-21 04:00:29,042 - CoinScanner - INFO - Bot başlatılıyor...
2025-02-21 04:00:31,193 - CoinScanner - INFO - Toplam 502 geçerli sembol yüklendi
2025-02-21 04:00:31,193 - CoinScanner - INFO - Toplam 502 geçerli sembol yüklendi
2025-02-21 04:00:32,325 - CoinScanner - ERROR - Bot başlatma hatası: Cannot close a running event loop
2025-02-21 04:00:32,325 - CoinScanner - ERROR - Bot başlatma hatası: Cannot close a running event loop
2025-02-21 04:00:32,326 - CoinScanner - INFO - Bot kapatılıyor...
2025-02-21 04:00:32,326 - CoinScanner - INFO - Bot kapatılıyor...
2025-02-21 04:01:21,507 - CoinScanner - INFO - Bot başlatılıyor...
2025-02-21 04:01:21,507 - CoinScanner - INFO - Bot başlatılıyor...
2025-02-21 04:01:23,098 - CoinScanner - INFO - Toplam 502 geçerli sembol yüklendi
2025-02-21 04:01:23,098 - CoinScanner - INFO - Toplam 502 geçerli sembol yüklendi
2025-02-21 04:01:49,512 - CoinScanner - ERROR - Single coin analysis error (BTCUSDT): 'MarketAnalyzer' object has no attribute 'calculate_rsi'
2025-02-21 04:01:49,512 - CoinScanner - ERROR - Single coin analysis error (BTCUSDT): 'MarketAnalyzer' object has no attribute 'calculate_rsi'
2025-02-21 04:01:51,114 - CoinScanner - ERROR - Coin analiz hatası (BCC/USDT): '<' not supported between instances of 'NoneType' and 'float'
2025-02-21 04:01:51,114 - CoinScanner - ERROR - Coin analiz hatası (BCC/USDT): '<' not supported between instances of 'NoneType' and 'float'
2025-02-21 04:01:51,835 - CoinScanner - ERROR - Single coin analysis error (NEOUSDT): 'MarketAnalyzer' object has no attribute 'calculate_rsi'
2025-02-21 04:01:51,835 - CoinScanner - ERROR - Single coin analysis error (NEOUSDT): 'MarketAnalyzer' object has no attribute 'calculate_rsi'
2025-02-21 04:01:53,402 - CoinScanner - ERROR - Single coin analysis error (ADAUSDT): 'MarketAnalyzer' object has no attribute 'calculate_rsi'
2025-02-21 04:01:53,402 - CoinScanner - ERROR - Single coin analysis error (ADAUSDT): 'MarketAnalyzer' object has no attribute 'calculate_rsi'
2025-02-21 04:01:54,130 - CoinScanner - ERROR - Single coin analysis error (XRPUSDT): 'MarketAnalyzer' object has no attribute 'calculate_rsi'
2025-02-21 04:01:54,130 - CoinScanner - ERROR - Single coin analysis error (XRPUSDT): 'MarketAnalyzer' object has no attribute 'calculate_rsi'
2025-02-21 04:01:56,203 - CoinScanner - ERROR - Single coin analysis error (ONTUSDT): 'MarketAnalyzer' object has no attribute 'calculate_rsi'
2025-02-21 04:01:56,203 - CoinScanner - ERROR - Single coin analysis error (ONTUSDT): 'MarketAnalyzer' object has no attribute 'calculate_rsi'
2025-02-21 04:01:56,916 - CoinScanner - ERROR - Single coin analysis error (TRXUSDT): 'MarketAnalyzer' object has no attribute 'calculate_rsi'
2025-02-21 04:01:56,916 - CoinScanner - ERROR - Single coin analysis error (TRXUSDT): 'MarketAnalyzer' object has no attribute 'calculate_rsi'
2025-02-21 04:01:57,628 - CoinScanner - ERROR - Single coin analysis error (ETCUSDT): 'MarketAnalyzer' object has no attribute 'calculate_rsi'
2025-02-21 04:01:57,628 - CoinScanner - ERROR - Single coin analysis error (ETCUSDT): 'MarketAnalyzer' object has no attribute 'calculate_rsi'
2025-02-21 04:01:58,320 - CoinScanner - ERROR - Coin analiz hatası (VEN/USDT): '<' not supported between instances of 'NoneType' and 'float'
2025-02-21 04:01:58,320 - CoinScanner - ERROR - Coin analiz hatası (VEN/USDT): '<' not supported between instances of 'NoneType' and 'float'
2025-02-21 04:01:59,466 - CoinScanner - ERROR - Coin analiz hatası (PAX/USDT): '<' not supported between instances of 'NoneType' and 'float'
2025-02-21 04:01:59,466 - CoinScanner - ERROR - Coin analiz hatası (PAX/USDT): '<' not supported between instances of 'NoneType' and 'float'
2025-02-21 04:02:00,293 - CoinScanner - ERROR - Coin analiz hatası (BCHABC/USDT): '<' not supported between instances of 'NoneType' and 'float'
2025-02-21 04:02:00,293 - CoinScanner - ERROR - Coin analiz hatası (BCHABC/USDT): '<' not supported between instances of 'NoneType' and 'float'
2025-02-21 04:02:00,456 - CoinScanner - ERROR - Bot başlatma hatası: Cannot close a running event loop
2025-02-21 04:02:00,456 - CoinScanner - ERROR - Bot başlatma hatası: Cannot close a running event loop
2025-02-21 04:02:31,690 - CoinScanner - INFO - Bot başlatılıyor...
2025-02-21 04:02:31,690 - CoinScanner - INFO - Bot başlatılıyor...
2025-02-21 04:02:33,348 - CoinScanner - INFO - Toplam 502 geçerli sembol yüklendi
2025-02-21 04:02:33,348 - CoinScanner - INFO - Toplam 502 geçerli sembol yüklendi
2025-02-21 04:02:35,972 - CoinScanner - ERROR - EMA hesaplama hatası: index 199 is out of bounds for axis 0 with size 100
2025-02-21 04:02:35,972 - CoinScanner - ERROR - EMA hesaplama hatası: index 199 is out of bounds for axis 0 with size 100
2025-02-21 04:02:35,972 - CoinScanner - ERROR - Risk/Ödül hesaplama hatası: The truth value of an array with more than one element is ambiguous. Use a.any() or a.all()
2025-02-21 04:02:35,972 - CoinScanner - ERROR - Risk/Ödül hesaplama hatası: The truth value of an array with more than one element is ambiguous. Use a.any() or a.all()
2025-02-21 04:02:35,972 - CoinScanner - ERROR - Single coin analysis error (BTCUSDT): 'MarketAnalyzer' object has no attribute 'risk_levels'
2025-02-21 04:02:35,972 - CoinScanner - ERROR - Single coin analysis error (BTCUSDT): 'MarketAnalyzer' object has no attribute 'risk_levels'
2025-02-21 04:02:37,088 - CoinScanner - ERROR - Coin analiz hatası (BCC/USDT): '<' not supported between instances of 'NoneType' and 'float'
2025-02-21 04:02:37,088 - CoinScanner - ERROR - Coin analiz hatası (BCC/USDT): '<' not supported between instances of 'NoneType' and 'float'
2025-02-21 04:02:38,796 - CoinScanner - ERROR - EMA hesaplama hatası: index 199 is out of bounds for axis 0 with size 100
2025-02-21 04:02:38,796 - CoinScanner - ERROR - EMA hesaplama hatası: index 199 is out of bounds for axis 0 with size 100
2025-02-21 04:02:38,796 - CoinScanner - ERROR - Risk/Ödül hesaplama hatası: The truth value of an array with more than one element is ambiguous. Use a.any() or a.all()
2025-02-21 04:02:38,796 - CoinScanner - ERROR - Risk/Ödül hesaplama hatası: The truth value of an array with more than one element is ambiguous. Use a.any() or a.all()
2025-02-21 04:02:38,797 - CoinScanner - ERROR - Single coin analysis error (NEOUSDT): 'MarketAnalyzer' object has no attribute 'risk_levels'
2025-02-21 04:02:38,797 - CoinScanner - ERROR - Single coin analysis error (NEOUSDT): 'MarketAnalyzer' object has no attribute 'risk_levels'
2025-02-21 04:02:40,159 - CoinScanner - ERROR - EMA hesaplama hatası: index 199 is out of bounds for axis 0 with size 100
2025-02-21 04:02:40,159 - CoinScanner - ERROR - EMA hesaplama hatası: index 199 is out of bounds for axis 0 with size 100
2025-02-21 04:02:40,160 - CoinScanner - ERROR - Risk/Ödül hesaplama hatası: The truth value of an array with more than one element is ambiguous. Use a.any() or a.all()
2025-02-21 04:02:40,160 - CoinScanner - ERROR - Risk/Ödül hesaplama hatası: The truth value of an array with more than one element is ambiguous. Use a.any() or a.all()
2025-02-21 04:02:40,160 - CoinScanner - ERROR - Single coin analysis error (ADAUSDT): 'MarketAnalyzer' object has no attribute 'risk_levels'
2025-02-21 04:02:40,160 - CoinScanner - ERROR - Single coin analysis error (ADAUSDT): 'MarketAnalyzer' object has no attribute 'risk_levels'
2025-02-21 04:02:40,841 - CoinScanner - ERROR - EMA hesaplama hatası: index 199 is out of bounds for axis 0 with size 100
2025-02-21 04:02:40,841 - CoinScanner - ERROR - EMA hesaplama hatası: index 199 is out of bounds for axis 0 with size 100
2025-02-21 04:02:40,841 - CoinScanner - ERROR - Risk/Ödül hesaplama hatası: The truth value of an array with more than one element is ambiguous. Use a.any() or a.all()
2025-02-21 04:02:40,841 - CoinScanner - ERROR - Risk/Ödül hesaplama hatası: The truth value of an array with more than one element is ambiguous. Use a.any() or a.all()
2025-02-21 04:02:40,842 - CoinScanner - ERROR - Single coin analysis error (XRPUSDT): 'MarketAnalyzer' object has no attribute 'risk_levels'
2025-02-21 04:02:40,842 - CoinScanner - ERROR - Single coin analysis error (XRPUSDT): 'MarketAnalyzer' object has no attribute 'risk_levels'
2025-02-21 04:02:42,923 - CoinScanner - ERROR - EMA hesaplama hatası: index 199 is out of bounds for axis 0 with size 100
2025-02-21 04:02:42,923 - CoinScanner - ERROR - EMA hesaplama hatası: index 199 is out of bounds for axis 0 with size 100
2025-02-21 04:02:42,923 - CoinScanner - ERROR - Risk/Ödül hesaplama hatası: The truth value of an array with more than one element is ambiguous. Use a.any() or a.all()
2025-02-21 04:02:42,923 - CoinScanner - ERROR - Risk/Ödül hesaplama hatası: The truth value of an array with more than one element is ambiguous. Use a.any() or a.all()
2025-02-21 04:02:42,924 - CoinScanner - ERROR - Single coin analysis error (ONTUSDT): 'MarketAnalyzer' object has no attribute 'risk_levels'
2025-02-21 04:02:42,924 - CoinScanner - ERROR - Single coin analysis error (ONTUSDT): 'MarketAnalyzer' object has no attribute 'risk_levels'
2025-02-21 04:02:43,615 - CoinScanner - ERROR - EMA hesaplama hatası: index 199 is out of bounds for axis 0 with size 100
2025-02-21 04:02:43,615 - CoinScanner - ERROR - EMA hesaplama hatası: index 199 is out of bounds for axis 0 with size 100
2025-02-21 04:02:43,616 - CoinScanner - ERROR - Risk/Ödül hesaplama hatası: The truth value of an array with more than one element is ambiguous. Use a.any() or a.all()
2025-02-21 04:02:43,616 - CoinScanner - ERROR - Risk/Ödül hesaplama hatası: The truth value of an array with more than one element is ambiguous. Use a.any() or a.all()
2025-02-21 04:02:43,616 - CoinScanner - ERROR - Single coin analysis error (TRXUSDT): 'MarketAnalyzer' object has no attribute 'risk_levels'
2025-02-21 04:02:43,616 - CoinScanner - ERROR - Single coin analysis error (TRXUSDT): 'MarketAnalyzer' object has no attribute 'risk_levels'
2025-02-21 04:02:44,327 - CoinScanner - ERROR - EMA hesaplama hatası: index 199 is out of bounds for axis 0 with size 100
2025-02-21 04:02:44,327 - CoinScanner - ERROR - EMA hesaplama hatası: index 199 is out of bounds for axis 0 with size 100
2025-02-21 04:02:44,328 - CoinScanner - ERROR - Risk/Ödül hesaplama hatası: The truth value of an array with more than one element is ambiguous. Use a.any() or a.all()
2025-02-21 04:02:44,328 - CoinScanner - ERROR - Risk/Ödül hesaplama hatası: The truth value of an array with more than one element is ambiguous. Use a.any() or a.all()
2025-02-21 04:02:44,328 - CoinScanner - ERROR - Single coin analysis error (ETCUSDT): 'MarketAnalyzer' object has no attribute 'risk_levels'
2025-02-21 04:02:44,328 - CoinScanner - ERROR - Single coin analysis error (ETCUSDT): 'MarketAnalyzer' object has no attribute 'risk_levels'
2025-02-21 04:02:45,020 - CoinScanner - ERROR - Coin analiz hatası (VEN/USDT): '<' not supported between instances of 'NoneType' and 'float'
2025-02-21 04:02:45,020 - CoinScanner - ERROR - Coin analiz hatası (VEN/USDT): '<' not supported between instances of 'NoneType' and 'float'
2025-02-21 04:02:46,045 - CoinScanner - ERROR - Coin analiz hatası (PAX/USDT): '<' not supported between instances of 'NoneType' and 'float'
2025-02-21 04:02:46,045 - CoinScanner - ERROR - Coin analiz hatası (PAX/USDT): '<' not supported between instances of 'NoneType' and 'float'
2025-02-21 04:02:46,394 - CoinScanner - ERROR - Coin analiz hatası (BCHABC/USDT): '<' not supported between instances of 'NoneType' and 'float'
2025-02-21 04:02:46,394 - CoinScanner - ERROR - Coin analiz hatası (BCHABC/USDT): '<' not supported between instances of 'NoneType' and 'float'
2025-02-21 04:02:46,753 - CoinScanner - ERROR - Coin analiz hatası (BSV/USDT): '<' not supported between instances of 'NoneType' and 'float'
2025-02-21 04:02:46,753 - CoinScanner - ERROR - Coin analiz hatası (BSV/USDT): '<' not supported between instances of 'NoneType' and 'float'
2025-02-21 04:02:47,817 - CoinScanner - ERROR - Coin analiz hatası (WAVES/USDT): '<' not supported between instances of 'NoneType' and 'float'
2025-02-21 04:02:47,817 - CoinScanner - ERROR - Coin analiz hatası (WAVES/USDT): '<' not supported between instances of 'NoneType' and 'float'
2025-02-21 04:02:48,288 - CoinScanner - ERROR - Coin analiz hatası (BTT/USDT): '<' not supported between instances of 'NoneType' and 'float'
2025-02-21 04:02:48,288 - CoinScanner - ERROR - Coin analiz hatası (BTT/USDT): '<' not supported between instances of 'NoneType' and 'float'
2025-02-21 04:02:48,625 - CoinScanner - ERROR - Coin analiz hatası (USDS/USDT): '<' not supported between instances of 'NoneType' and 'float'
2025-02-21 04:02:48,625 - CoinScanner - ERROR - Coin analiz hatası (USDS/USDT): '<' not supported between instances of 'NoneType' and 'float'
2025-02-21 04:02:49,720 - CoinScanner - ERROR - EMA hesaplama hatası: index 199 is out of bounds for axis 0 with size 100
2025-02-21 04:02:49,720 - CoinScanner - ERROR - EMA hesaplama hatası: index 199 is out of bounds for axis 0 with size 100
2025-02-21 04:02:49,720 - CoinScanner - ERROR - Risk/Ödül hesaplama hatası: The truth value of an array with more than one element is ambiguous. Use a.any() or a.all()
2025-02-21 04:02:49,720 - CoinScanner - ERROR - Risk/Ödül hesaplama hatası: The truth value of an array with more than one element is ambiguous. Use a.any() or a.all()
2025-02-21 04:02:49,720 - CoinScanner - ERROR - Single coin analysis error (HOTUSDT): 'MarketAnalyzer' object has no attribute 'risk_levels'
2025-02-21 04:02:49,720 - CoinScanner - ERROR - Single coin analysis error (HOTUSDT): 'MarketAnalyzer' object has no attribute 'risk_levels'
2025-02-21 04:02:49,787 - CoinScanner - ERROR - Bot başlatma hatası: Cannot close a running event loop
2025-02-21 04:02:49,787 - CoinScanner - ERROR - Bot başlatma hatası: Cannot close a running event loop
2025-02-21 04:03:19,564 - CoinScanner - INFO - Bot başlatılıyor...
2025-02-21 04:03:19,564 - CoinScanner - INFO - Bot başlatılıyor...
2025-02-21 04:03:21,175 - CoinScanner - INFO - Toplam 502 geçerli sembol yüklendi
2025-02-21 04:03:21,175 - CoinScanner - INFO - Toplam 502 geçerli sembol yüklendi
2025-02-21 04:03:23,918 - CoinScanner - ERROR - Single coin analysis error (BTCUSDT): invalid index to scalar variable.
2025-02-21 04:03:23,918 - CoinScanner - ERROR - Single coin analysis error (BTCUSDT): invalid index to scalar variable.
2025-02-21 04:03:24,994 - CoinScanner - ERROR - Coin analiz hatası (BCC/USDT): '<' not supported between instances of 'NoneType' and 'float'
2025-02-21 04:03:24,994 - CoinScanner - ERROR - Coin analiz hatası (BCC/USDT): '<' not supported between instances of 'NoneType' and 'float'
2025-02-21 04:03:25,821 - CoinScanner - ERROR - Single coin analysis error (NEOUSDT): invalid index to scalar variable.
2025-02-21 04:03:25,821 - CoinScanner - ERROR - Single coin analysis error (NEOUSDT): invalid index to scalar variable.
2025-02-21 04:03:27,226 - CoinScanner - ERROR - Bot başlatma hatası: Cannot close a running event loop
2025-02-21 04:03:27,226 - CoinScanner - ERROR - Bot başlatma hatası: Cannot close a running event loop
2025-02-21 04:06:27,424 - CoinScanner - INFO - Bot başlatılıyor...
2025-02-21 04:06:27,424 - CoinScanner - INFO - Bot başlatılıyor...
2025-02-21 04:06:29,128 - CoinScanner - INFO - Toplam 502 geçerli sembol yüklendi
2025-02-21 04:06:29,128 - CoinScanner - INFO - Toplam 502 geçerli sembol yüklendi
2025-02-21 04:06:37,141 - CoinScanner - ERROR - Single coin analysis error (BTCUSDT): invalid index to scalar variable.
2025-02-21 04:06:37,141 - CoinScanner - ERROR - Single coin analysis error (BTCUSDT): invalid index to scalar variable.
2025-02-21 04:06:38,266 - CoinScanner - ERROR - Coin analiz hatası (BCC/USDT): '<' not supported between instances of 'NoneType' and 'float'
2025-02-21 04:06:38,266 - CoinScanner - ERROR - Coin analiz hatası (BCC/USDT): '<' not supported between instances of 'NoneType' and 'float'
2025-02-21 04:06:39,418 - CoinScanner - ERROR - Single coin analysis error (NEOUSDT): invalid index to scalar variable.
2025-02-21 04:06:39,418 - CoinScanner - ERROR - Single coin analysis error (NEOUSDT): invalid index to scalar variable.
2025-02-21 04:06:42,182 - CoinScanner - ERROR - Single coin analysis error (ADAUSDT): invalid index to scalar variable.
2025-02-21 04:06:42,182 - CoinScanner - ERROR - Single coin analysis error (ADAUSDT): invalid index to scalar variable.
2025-02-21 04:06:43,323 - CoinScanner - ERROR - Single coin analysis error (XRPUSDT): invalid index to scalar variable.
2025-02-21 04:06:43,323 - CoinScanner - ERROR - Single coin analysis error (XRPUSDT): invalid index to scalar variable.
2025-02-21 04:06:44,095 - CoinScanner - ERROR - Bot başlatma hatası: Cannot close a running event loop
2025-02-21 04:06:44,095 - CoinScanner - ERROR - Bot başlatma hatası: Cannot close a running event loop
2025-02-21 04:07:17,406 - CoinScanner - INFO - Bot başlatılıyor...
2025-02-21 04:07:17,406 - CoinScanner - INFO - Bot başlatılıyor...
2025-02-21 04:07:19,386 - CoinScanner - INFO - Toplam 502 geçerli sembol yüklendi
2025-02-21 04:07:19,386 - CoinScanner - INFO - Toplam 502 geçerli sembol yüklendi
2025-02-21 04:07:30,992 - CoinScanner - ERROR - Coin analiz hatası (BTC/USDT): 'opportunity_score'
2025-02-21 04:07:30,992 - CoinScanner - ERROR - Coin analiz hatası (BTC/USDT): 'opportunity_score'
2025-02-21 04:07:32,093 - CoinScanner - ERROR - Coin analiz hatası (BCC/USDT): '<' not supported between instances of 'NoneType' and 'float'
2025-02-21 04:07:32,093 - CoinScanner - ERROR - Coin analiz hatası (BCC/USDT): '<' not supported between instances of 'NoneType' and 'float'
2025-02-21 04:07:32,809 - CoinScanner - ERROR - Coin analiz hatası (NEO/USDT): 'opportunity_score'
2025-02-21 04:07:32,809 - CoinScanner - ERROR - Coin analiz hatası (NEO/USDT): 'opportunity_score'
2025-02-21 04:07:34,239 - CoinScanner - ERROR - Coin analiz hatası (ADA/USDT): 'opportunity_score'
2025-02-21 04:07:34,239 - CoinScanner - ERROR - Coin analiz hatası (ADA/USDT): 'opportunity_score'
2025-02-21 04:07:34,965 - CoinScanner - ERROR - Coin analiz hatası (XRP/USDT): 'opportunity_score'
2025-02-21 04:07:34,965 - CoinScanner - ERROR - Coin analiz hatası (XRP/USDT): 'opportunity_score'
2025-02-21 04:07:37,109 - CoinScanner - ERROR - Coin analiz hatası (ONT/USDT): 'opportunity_score'
2025-02-21 04:07:37,109 - CoinScanner - ERROR - Coin analiz hatası (ONT/USDT): 'opportunity_score'
2025-02-21 04:07:37,919 - CoinScanner - ERROR - Coin analiz hatası (TRX/USDT): 'opportunity_score'
2025-02-21 04:07:37,919 - CoinScanner - ERROR - Coin analiz hatası (TRX/USDT): 'opportunity_score'
2025-02-21 04:07:38,687 - CoinScanner - ERROR - Coin analiz hatası (ETC/USDT): 'opportunity_score'
2025-02-21 04:07:38,687 - CoinScanner - ERROR - Coin analiz hatası (ETC/USDT): 'opportunity_score'
2025-02-21 04:07:39,389 - CoinScanner - ERROR - Coin analiz hatası (VEN/USDT): '<' not supported between instances of 'NoneType' and 'float'
2025-02-21 04:07:39,389 - CoinScanner - ERROR - Coin analiz hatası (VEN/USDT): '<' not supported between instances of 'NoneType' and 'float'
2025-02-21 04:07:39,611 - CoinScanner - ERROR - Bot başlatma hatası: Cannot close a running event loop
2025-02-21 04:07:39,611 - CoinScanner - ERROR - Bot başlatma hatası: Cannot close a running event loop
2025-02-21 04:08:17,249 - CoinScanner - INFO - Bot başlatılıyor...
2025-02-21 04:08:17,249 - CoinScanner - INFO - Bot başlatılıyor...
2025-02-21 04:08:20,004 - CoinScanner - INFO - Toplam 502 geçerli sembol yüklendi
2025-02-21 04:08:20,004 - CoinScanner - INFO - Toplam 502 geçerli sembol yüklendi
2025-02-21 04:08:25,489 - CoinScanner - ERROR - Coin analiz hatası (BCC/USDT): '<' not supported between instances of 'NoneType' and 'float'
2025-02-21 04:08:25,489 - CoinScanner - ERROR - Coin analiz hatası (BCC/USDT): '<' not supported between instances of 'NoneType' and 'float'
2025-02-21 04:08:34,785 - CoinScanner - ERROR - Coin analiz hatası (VEN/USDT): '<' not supported between instances of 'NoneType' and 'float'
2025-02-21 04:08:34,785 - CoinScanner - ERROR - Coin analiz hatası (VEN/USDT): '<' not supported between instances of 'NoneType' and 'float'
2025-02-21 04:08:36,187 - CoinScanner - ERROR - Coin analiz hatası (PAX/USDT): '<' not supported between instances of 'NoneType' and 'float'
2025-02-21 04:08:36,187 - CoinScanner - ERROR - Coin analiz hatası (PAX/USDT): '<' not supported between instances of 'NoneType' and 'float'
2025-02-21 04:08:36,539 - CoinScanner - ERROR - Coin analiz hatası (BCHABC/USDT): '<' not supported between instances of 'NoneType' and 'float'
2025-02-21 04:08:36,539 - CoinScanner - ERROR - Coin analiz hatası (BCHABC/USDT): '<' not supported between instances of 'NoneType' and 'float'
2025-02-21 04:08:36,901 - CoinScanner - ERROR - Coin analiz hatası (BSV/USDT): '<' not supported between instances of 'NoneType' and 'float'
2025-02-21 04:08:36,901 - CoinScanner - ERROR - Coin analiz hatası (BSV/USDT): '<' not supported between instances of 'NoneType' and 'float'
2025-02-21 04:08:38,036 - CoinScanner - ERROR - Coin analiz hatası (WAVES/USDT): '<' not supported between instances of 'NoneType' and 'float'
2025-02-21 04:08:38,036 - CoinScanner - ERROR - Coin analiz hatası (WAVES/USDT): '<' not supported between instances of 'NoneType' and 'float'
2025-02-21 04:08:38,455 - CoinScanner - ERROR - Coin analiz hatası (BTT/USDT): '<' not supported between instances of 'NoneType' and 'float'
2025-02-21 04:08:38,455 - CoinScanner - ERROR - Coin analiz hatası (BTT/USDT): '<' not supported between instances of 'NoneType' and 'float'
2025-02-21 04:08:38,760 - CoinScanner - ERROR - Bot başlatma hatası: Cannot close a running event loop
2025-02-21 04:08:38,760 - CoinScanner - ERROR - Bot başlatma hatası: Cannot close a running event loop
2025-02-21 04:09:13,283 - CoinScanner - INFO - Bot başlatılıyor...
2025-02-21 04:09:13,283 - CoinScanner - INFO - Bot başlatılıyor...
2025-02-21 04:09:14,850 - CoinScanner - INFO - Toplam 502 geçerli sembol yüklendi
2025-02-21 04:09:14,850 - CoinScanner - INFO - Toplam 502 geçerli sembol yüklendi
2025-02-21 04:09:32,234 - CoinScanner - ERROR - Coin analiz hatası (BCC/USDT): '<' not supported between instances of 'NoneType' and 'float'
2025-02-21 04:09:32,234 - CoinScanner - ERROR - Coin analiz hatası (BCC/USDT): '<' not supported between instances of 'NoneType' and 'float'
2025-02-21 04:09:41,148 - CoinScanner - ERROR - Coin analiz hatası (VEN/USDT): '<' not supported between instances of 'NoneType' and 'float'
2025-02-21 04:09:41,148 - CoinScanner - ERROR - Coin analiz hatası (VEN/USDT): '<' not supported between instances of 'NoneType' and 'float'
2025-02-21 04:09:43,002 - CoinScanner - ERROR - Coin analiz hatası (PAX/USDT): '<' not supported between instances of 'NoneType' and 'float'
2025-02-21 04:09:43,002 - CoinScanner - ERROR - Coin analiz hatası (PAX/USDT): '<' not supported between instances of 'NoneType' and 'float'
2025-02-21 04:09:43,810 - CoinScanner - ERROR - Coin analiz hatası (BCHABC/USDT): '<' not supported between instances of 'NoneType' and 'float'
2025-02-21 04:09:43,810 - CoinScanner - ERROR - Coin analiz hatası (BCHABC/USDT): '<' not supported between instances of 'NoneType' and 'float'
2025-02-21 04:09:44,170 - CoinScanner - ERROR - Coin analiz hatası (BSV/USDT): '<' not supported between instances of 'NoneType' and 'float'
2025-02-21 04:09:44,170 - CoinScanner - ERROR - Coin analiz hatası (BSV/USDT): '<' not supported between instances of 'NoneType' and 'float'
2025-02-21 04:09:45,693 - CoinScanner - ERROR - Coin analiz hatası (WAVES/USDT): '<' not supported between instances of 'NoneType' and 'float'
2025-02-21 04:09:45,693 - CoinScanner - ERROR - Coin analiz hatası (WAVES/USDT): '<' not supported between instances of 'NoneType' and 'float'
2025-02-21 04:09:46,121 - CoinScanner - ERROR - Coin analiz hatası (BTT/USDT): '<' not supported between instances of 'NoneType' and 'float'
2025-02-21 04:09:46,121 - CoinScanner - ERROR - Coin analiz hatası (BTT/USDT): '<' not supported between instances of 'NoneType' and 'float'
2025-02-21 04:09:46,464 - CoinScanner - ERROR - Coin analiz hatası (USDS/USDT): '<' not supported between instances of 'NoneType' and 'float'
2025-02-21 04:09:46,464 - CoinScanner - ERROR - Coin analiz hatası (USDS/USDT): '<' not supported between instances of 'NoneType' and 'float'
2025-02-21 04:09:52,273 - CoinScanner - ERROR - Coin analiz hatası (XMR/USDT): '<' not supported between instances of 'NoneType' and 'float'
2025-02-21 04:09:52,273 - CoinScanner - ERROR - Coin analiz hatası (XMR/USDT): '<' not supported between instances of 'NoneType' and 'float'
2025-02-21 04:09:56,157 - CoinScanner - ERROR - Coin analiz hatası (NANO/USDT): '<' not supported between instances of 'NoneType' and 'float'
2025-02-21 04:09:56,157 - CoinScanner - ERROR - Coin analiz hatası (NANO/USDT): '<' not supported between instances of 'NoneType' and 'float'
2025-02-21 04:09:56,497 - CoinScanner - ERROR - Coin analiz hatası (OMG/USDT): '<' not supported between instances of 'NoneType' and 'float'
2025-02-21 04:09:56,497 - CoinScanner - ERROR - Coin analiz hatası (OMG/USDT): '<' not supported between instances of 'NoneType' and 'float'
2025-02-21 04:09:58,233 - CoinScanner - ERROR - Coin analiz hatası (MITH/USDT): '<' not supported between instances of 'NoneType' and 'float'
2025-02-21 04:09:58,233 - CoinScanner - ERROR - Coin analiz hatası (MITH/USDT): '<' not supported between instances of 'NoneType' and 'float'
2025-02-21 04:09:58,583 - CoinScanner - ERROR - Coin analiz hatası (MATIC/USDT): '<' not supported between instances of 'NoneType' and 'float'
2025-02-21 04:09:58,583 - CoinScanner - ERROR - Coin analiz hatası (MATIC/USDT): '<' not supported between instances of 'NoneType' and 'float'
2025-02-21 04:10:02,699 - CoinScanner - ERROR - Coin analiz hatası (FTM/USDT): '<' not supported between instances of 'NoneType' and 'float'
2025-02-21 04:10:02,699 - CoinScanner - ERROR - Coin analiz hatası (FTM/USDT): '<' not supported between instances of 'NoneType' and 'float'
2025-02-21 04:10:03,796 - CoinScanner - ERROR - Coin analiz hatası (USDSB/USDT): '<' not supported between instances of 'NoneType' and 'float'
2025-02-21 04:10:03,796 - CoinScanner - ERROR - Coin analiz hatası (USDSB/USDT): '<' not supported between instances of 'NoneType' and 'float'
2025-02-21 04:10:04,144 - CoinScanner - ERROR - Coin analiz hatası (GTO/USDT): '<' not supported between instances of 'NoneType' and 'float'
2025-02-21 04:10:04,144 - CoinScanner - ERROR - Coin analiz hatası (GTO/USDT): '<' not supported between instances of 'NoneType' and 'float'
2025-02-21 04:10:04,476 - CoinScanner - ERROR - Coin analiz hatası (ERD/USDT): '<' not supported between instances of 'NoneType' and 'float'
2025-02-21 04:10:04,476 - CoinScanner - ERROR - Coin analiz hatası (ERD/USDT): '<' not supported between instances of 'NoneType' and 'float'
2025-02-21 04:10:06,205 - CoinScanner - ERROR - Bot başlatma hatası: Cannot close a running event loop
2025-02-21 04:10:06,205 - CoinScanner - ERROR - Bot başlatma hatası: Cannot close a running event loop
2025-02-21 04:10:08,528 - CoinScanner - INFO - Bot başlatılıyor...
2025-02-21 04:10:08,528 - CoinScanner - INFO - Bot başlatılıyor...
2025-02-21 04:10:10,658 - CoinScanner - INFO - Toplam 502 geçerli sembol yüklendi
2025-02-21 04:10:10,658 - CoinScanner - INFO - Toplam 502 geçerli sembol yüklendi
2025-02-21 04:10:16,379 - CoinScanner - ERROR - Coin analiz hatası (BCC/USDT): '<' not supported between instances of 'NoneType' and 'float'
2025-02-21 04:10:16,379 - CoinScanner - ERROR - Coin analiz hatası (BCC/USDT): '<' not supported between instances of 'NoneType' and 'float'
2025-02-21 04:10:23,665 - CoinScanner - ERROR - Coin analiz hatası (VEN/USDT): '<' not supported between instances of 'NoneType' and 'float'
2025-02-21 04:10:23,665 - CoinScanner - ERROR - Coin analiz hatası (VEN/USDT): '<' not supported between instances of 'NoneType' and 'float'
2025-02-21 04:10:25,070 - CoinScanner - ERROR - Coin analiz hatası (PAX/USDT): '<' not supported between instances of 'NoneType' and 'float'
2025-02-21 04:10:25,070 - CoinScanner - ERROR - Coin analiz hatası (PAX/USDT): '<' not supported between instances of 'NoneType' and 'float'
2025-02-21 04:10:25,408 - CoinScanner - ERROR - Coin analiz hatası (BCHABC/USDT): '<' not supported between instances of 'NoneType' and 'float'
2025-02-21 04:10:25,408 - CoinScanner - ERROR - Coin analiz hatası (BCHABC/USDT): '<' not supported between instances of 'NoneType' and 'float'
2025-02-21 04:10:25,769 - CoinScanner - ERROR - Coin analiz hatası (BSV/USDT): '<' not supported between instances of 'NoneType' and 'float'
2025-02-21 04:10:25,769 - CoinScanner - ERROR - Coin analiz hatası (BSV/USDT): '<' not supported between instances of 'NoneType' and 'float'
2025-02-21 04:10:26,787 - CoinScanner - ERROR - Coin analiz hatası (WAVES/USDT): '<' not supported between instances of 'NoneType' and 'float'
2025-02-21 04:10:26,787 - CoinScanner - ERROR - Coin analiz hatası (WAVES/USDT): '<' not supported between instances of 'NoneType' and 'float'
2025-02-21 04:10:26,976 - CoinScanner - ERROR - Bot başlatma hatası: Cannot close a running event loop
2025-02-21 04:10:26,976 - CoinScanner - ERROR - Bot başlatma hatası: Cannot close a running event loop
2025-02-21 04:10:52,244 - CoinScanner - INFO - Bot başlatılıyor...
2025-02-21 04:10:52,244 - CoinScanner - INFO - Bot başlatılıyor...
2025-02-21 04:10:54,836 - CoinScanner - INFO - Toplam 502 geçerli sembol yüklendi
2025-02-21 04:10:54,836 - CoinScanner - INFO - Toplam 502 geçerli sembol yüklendi
2025-02-21 04:11:04,749 - CoinScanner - ERROR - Coin analiz hatası (BCC/USDT): '<' not supported between instances of 'NoneType' and 'float'
2025-02-21 04:11:04,749 - CoinScanner - ERROR - Coin analiz hatası (BCC/USDT): '<' not supported between instances of 'NoneType' and 'float'
2025-02-21 04:11:09,176 - CoinScanner - ERROR - Bot başlatma hatası: Cannot close a running event loop
2025-02-21 04:11:09,176 - CoinScanner - ERROR - Bot başlatma hatası: Cannot close a running event loop
2025-02-21 04:12:27,163 - CoinScanner - INFO - Bot başlatılıyor...
2025-02-21 04:12:27,163 - CoinScanner - INFO - Bot başlatılıyor...
2025-02-21 04:12:28,880 - CoinScanner - INFO - Toplam 502 geçerli sembol yüklendi
2025-02-21 04:12:28,880 - CoinScanner - INFO - Toplam 502 geçerli sembol yüklendi
2025-02-21 04:12:38,761 - CoinScanner - ERROR - Coin analiz hatası (BCC/USDT): '<' not supported between instances of 'NoneType' and 'float'
2025-02-21 04:12:38,761 - CoinScanner - ERROR - Coin analiz hatası (BCC/USDT): '<' not supported between instances of 'NoneType' and 'float'
2025-02-21 04:12:46,199 - CoinScanner - ERROR - Coin analiz hatası (VEN/USDT): '<' not supported between instances of 'NoneType' and 'float'
2025-02-21 04:12:46,199 - CoinScanner - ERROR - Coin analiz hatası (VEN/USDT): '<' not supported between instances of 'NoneType' and 'float'
2025-02-21 04:12:47,321 - CoinScanner - ERROR - Coin analiz hatası (PAX/USDT): '<' not supported between instances of 'NoneType' and 'float'
2025-02-21 04:12:47,321 - CoinScanner - ERROR - Coin analiz hatası (PAX/USDT): '<' not supported between instances of 'NoneType' and 'float'
2025-02-21 04:12:47,660 - CoinScanner - ERROR - Coin analiz hatası (BCHABC/USDT): '<' not supported between instances of 'NoneType' and 'float'
2025-02-21 04:12:47,660 - CoinScanner - ERROR - Coin analiz hatası (BCHABC/USDT): '<' not supported between instances of 'NoneType' and 'float'
2025-02-21 04:12:48,005 - CoinScanner - ERROR - Coin analiz hatası (BSV/USDT): '<' not supported between instances of 'NoneType' and 'float'
2025-02-21 04:12:48,005 - CoinScanner - ERROR - Coin analiz hatası (BSV/USDT): '<' not supported between instances of 'NoneType' and 'float'
2025-02-21 04:12:49,071 - CoinScanner - ERROR - Coin analiz hatası (WAVES/USDT): '<' not supported between instances of 'NoneType' and 'float'
2025-02-21 04:12:49,071 - CoinScanner - ERROR - Coin analiz hatası (WAVES/USDT): '<' not supported between instances of 'NoneType' and 'float'
2025-02-21 04:12:49,405 - CoinScanner - ERROR - Coin analiz hatası (BTT/USDT): '<' not supported between instances of 'NoneType' and 'float'
2025-02-21 04:12:49,405 - CoinScanner - ERROR - Coin analiz hatası (BTT/USDT): '<' not supported between instances of 'NoneType' and 'float'
2025-02-21 04:12:49,582 - CoinScanner - ERROR - Bot başlatma hatası: Cannot close a running event loop
2025-02-21 04:12:49,582 - CoinScanner - ERROR - Bot başlatma hatası: Cannot close a running event loop
2025-02-21 04:13:28,846 - CoinScanner - INFO - Bot başlatılıyor...
2025-02-21 04:13:28,846 - CoinScanner - INFO - Bot başlatılıyor...
2025-02-21 04:13:30,391 - CoinScanner - INFO - Toplam 502 geçerli sembol yüklendi
2025-02-21 04:13:30,391 - CoinScanner - INFO - Toplam 502 geçerli sembol yüklendi
2025-02-21 04:13:34,092 - CoinScanner - ERROR - Coin analiz hatası (BCC/USDT): '<' not supported between instances of 'NoneType' and 'float'
2025-02-21 04:13:34,092 - CoinScanner - ERROR - Coin analiz hatası (BCC/USDT): '<' not supported between instances of 'NoneType' and 'float'
2025-02-21 04:13:39,725 - CoinScanner - ERROR - Bot başlatma hatası: Cannot close a running event loop
2025-02-21 04:13:39,725 - CoinScanner - ERROR - Bot başlatma hatası: Cannot close a running event loop
